2019-04-05 15:33:04.255631 [INFO] fd7f78794  开始连接....
2019-04-05 15:34:01.304958 [INFO] a2c9cc7de  开始连接....
2019-04-05 15:34:02.310072 [INFO] a2c9cc7de  0
2019-04-05 15:35:02.624936 [INFO] 9c525455f  开始连接....
2019-04-05 15:35:03.632114 [INFO] 9c525455f  0
2019-04-05 15:35:03.632121 [ERROR] 9c525455f  etcd: node is not exists
2019-04-05 15:38:42.902607 [INFO] aac9b7478  开始连接....
2019-04-05 15:39:08.673086 [INFO] b4606e9aa  开始连接....
2019-04-05 15:40:10.730747 [INFO] 16e51d15c  开始连接....
2019-04-05 15:40:14.960108 [INFO] 16e51d15c  12344/logagent/a<nil>
2019-04-05 15:41:14.925384 [INFO] 91520d415  开始连接....
2019-04-05 15:41:19.91982 [INFO] 91520d415  12347/logagent/a<nil>
2019-04-05 15:41:23.288783 [INFO] 91520d415  123458/logagent/a<nil>
2019-04-05 15:41:32.369012 [INFO] 91520d415  1234569/logagent/a<nil>
2019-04-05 15:52:23.440049 [INFO] cb344f1c5  开始连接....
2019-04-05 15:52:34.564151 [INFO] cb344f1c5  123456610/logagent<nil>
2019-04-05 15:54:09.699861 [INFO] 7c3d634ab  开始连接....
2019-04-05 15:54:14.990286 [INFO] 7c3d634ab  123456711/logagent/a<nil>
2019-04-05 15:54:18.376337 [INFO] 7c3d634ab  1234567812/logagent/a<nil>
2019-04-05 15:54:26.798488 [INFO] 7c3d634ab  sample_value12/logagent/conf<nil>
2019-04-05 15:54:39.951222 [INFO] 7c3d634ab  mysqli2/logagent/db<nil>
2019-04-05 15:54:57.087433 [INFO] 7c3d634ab  192.168.2.242:80904/logagent/server<nil>
2019-04-05 16:04:28.834809 [INFO] 30027b1e4  开始连接....
2019-04-05 16:04:37.609426 [INFO] 30027b1e4  sample_value123/logagent/conf<nil>
2019-04-05 16:04:51.217492 [INFO] 30027b1e4  kkk13/logagent/a<nil>
2019-04-05 16:04:51.217529 [INFO] 30027b1e4  kkk13/logagent/a<nil>
2019-04-05 16:05:35.147598 [INFO] b4e9419cd  开始连接....
2019-04-05 16:05:36.153098 [INFO] b4e9419cd  连接成功
2019-04-05 16:06:02.707732 [INFO] c610c7d66  开始连接....
2019-04-05 16:06:03.708371 [INFO] c610c7d66  连接成功
2019-04-05 16:06:03.708454 [INFO] c610c7d66  开始监听
2019-04-05 16:06:08.570968 [INFO] c610c7d66  kkk14/logagent/a<nil>
2019-04-05 16:06:08.570989 [INFO] c610c7d66  kkk14/logagent/a<nil>
2019-04-05 16:06:44.076722 [INFO] c610c7d66  0/logagent/a<nil>
2019-04-05 16:06:44.076806 [INFO] c610c7d66  0/logagent/a<nil>
2019-04-05 16:07:13.898478 [INFO] c610c7d66  1111/logagent/a<nil>
2019-04-05 16:07:13.898503 [INFO] c610c7d66  1111/logagent/a<nil>
2019-04-05 23:41:09.386574 [INFO] fa00576e8  [49 50 51]
2019-04-05 23:41:09.386586 [INFO] fa00576e8  123
